[2020-06-12 23:18:46 +0900] [12174] [INFO] Handling signal: int
[2020-06-12 23:18:46 +0900] [12177] [INFO] Worker exiting (pid: 12177)
[2020-06-12 23:18:46 +0900] [12174] [INFO] Shutting down: Master
[2020-06-12 23:18:47 +0900] [12191] [INFO] Starting gunicorn 20.0.4
[2020-06-12 23:18:47 +0900] [12191] [INFO] Listening at: unix:/tmp/gunicorn-api.sock wsgi:app (12191)
[2020-06-12 23:18:47 +0900] [12191] [INFO] Using worker: sync
[2020-06-12 23:18:47 +0900] [12194] [INFO] Booting worker with pid: 12194
[2020-06-12 23:19:00 +0900] [12191] [INFO] Handling signal: int
[2020-06-12 23:19:01 +0900] [12194] [INFO] Worker exiting (pid: 12194)
[2020-06-12 23:19:01 +0900] [12191] [INFO] Shutting down: Master
[2020-06-12 23:19:01 +0900] [12221] [INFO] Starting gunicorn 20.0.4
[2020-06-12 23:19:01 +0900] [12221] [INFO] Listening at: unix:/tmp/gunicorn-api.sock wsgi:app (12221)
[2020-06-12 23:19:01 +0900] [12221] [INFO] Using worker: sync
[2020-06-12 23:19:01 +0900] [12224] [INFO] Booting worker with pid: 12224
[2020-06-12 23:19:24 +0900] [12221] [INFO] Handling signal: int
[2020-06-12 23:19:24 +0900] [12224] [INFO] Worker exiting (pid: 12224)
[2020-06-12 23:19:24 +0900] [12221] [INFO] Shutting down: Master
[2020-06-12 23:21:30 +0900] [12361] [INFO] Starting gunicorn 20.0.4
[2020-06-12 23:21:30 +0900] [12361] [ERROR] Retrying in 1 second.
[2020-06-12 23:21:31 +0900] [12361] [ERROR] Retrying in 1 second.
[2020-06-12 23:21:32 +0900] [12361] [ERROR] Retrying in 1 second.
[2020-06-12 23:21:33 +0900] [12361] [ERROR] Retrying in 1 second.
[2020-06-12 23:21:34 +0900] [12361] [ERROR] Retrying in 1 second.
[2020-06-12 23:21:35 +0900] [12361] [ERROR] Can't connect to /tmp/gunicorn-api.sock server/wsgi-api:app
[2020-06-12 23:22:40 +0900] [12403] [INFO] Starting gunicorn 20.0.4
[2020-06-12 23:22:40 +0900] [12403] [ERROR] Retrying in 1 second.
[2020-06-12 23:22:41 +0900] [12403] [ERROR] Retrying in 1 second.
[2020-06-12 23:22:42 +0900] [12403] [ERROR] Retrying in 1 second.
[2020-06-12 23:22:43 +0900] [12403] [ERROR] Retrying in 1 second.
[2020-06-12 23:22:44 +0900] [12403] [ERROR] Retrying in 1 second.
[2020-06-12 23:22:45 +0900] [12403] [ERROR] Can't connect to /tmp/gunicorn-api.sock server/wsgi-api:app
[2020-06-12 23:22:48 +0900] [12417] [INFO] Starting gunicorn 20.0.4
[2020-06-12 23:22:48 +0900] [12417] [ERROR] Retrying in 1 second.
[2020-06-12 23:22:49 +0900] [12417] [ERROR] Retrying in 1 second.
[2020-06-12 23:22:50 +0900] [12417] [ERROR] Retrying in 1 second.
[2020-06-12 23:22:51 +0900] [12417] [ERROR] Retrying in 1 second.
[2020-06-12 23:22:52 +0900] [12417] [ERROR] Retrying in 1 second.
[2020-06-12 23:22:53 +0900] [12417] [ERROR] Can't connect to /tmp/gunicorn-api.sock server/wsgi-api:app
[2020-06-12 23:24:31 +0900] [12577] [INFO] Starting gunicorn 20.0.4
[2020-06-12 23:24:31 +0900] [12577] [INFO] Listening at: unix:/tmp/gunicorn-api.sock wsgi:app (12577)
[2020-06-12 23:24:31 +0900] [12577] [INFO] Using worker: sync
[2020-06-12 23:24:31 +0900] [12580] [INFO] Booting worker with pid: 12580
[2020-06-12 23:24:31 +0900] [12580] [ERROR] Exception in worker process
Traceback (most recent call last):
  File "/Users/heo/Desktop/source/python/todolist/.venv/lib/python3.7/site-packages/gunicorn/arbiter.py", line 583, in spawn_worker
    worker.init_process()
  File "/Users/heo/Desktop/source/python/todolist/.venv/lib/python3.7/site-packages/gunicorn/workers/base.py", line 119, in init_process
    self.load_wsgi()
  File "/Users/heo/Desktop/source/python/todolist/.venv/lib/python3.7/site-packages/gunicorn/workers/base.py", line 144, in load_wsgi
    self.wsgi = self.app.wsgi()
  File "/Users/heo/Desktop/source/python/todolist/.venv/lib/python3.7/site-packages/gunicorn/app/base.py", line 67, in wsgi
    self.callable = self.load()
  File "/Users/heo/Desktop/source/python/todolist/.venv/lib/python3.7/site-packages/gunicorn/app/wsgiapp.py", line 49, in load
    return self.load_wsgiapp()
  File "/Users/heo/Desktop/source/python/todolist/.venv/lib/python3.7/site-packages/gunicorn/app/wsgiapp.py", line 39, in load_wsgiapp
    return util.import_app(self.app_uri)
  File "/Users/heo/Desktop/source/python/todolist/.venv/lib/python3.7/site-packages/gunicorn/util.py", line 358, in import_app
    mod = importlib.import_module(module)
  File "/Library/Frameworks/Python.framework/Versions/3.7/lib/python3.7/importlib/__init__.py", line 127, in import_module
    return _bootstrap._gcd_import(name[level:], package, level)
  File "<frozen importlib._bootstrap>", line 1006, in _gcd_import
  File "<frozen importlib._bootstrap>", line 983, in _find_and_load
  File "<frozen importlib._bootstrap>", line 965, in _find_and_load_unlocked
ModuleNotFoundError: No module named 'server/api/wsgi'
[2020-06-12 23:24:31 +0900] [12580] [INFO] Worker exiting (pid: 12580)
[2020-06-12 23:24:31 +0900] [12577] [INFO] Shutting down: Master
[2020-06-12 23:24:31 +0900] [12577] [INFO] Reason: Worker failed to boot.
[2020-06-12 23:29:52 +0900] [12915] [INFO] Starting gunicorn 20.0.4
[2020-06-12 23:29:52 +0900] [12915] [INFO] Listening at: unix:/tmp/gunicorn-api.sock api:app (12915)
[2020-06-12 23:29:52 +0900] [12915] [INFO] Using worker: sync
[2020-06-12 23:29:52 +0900] [12918] [INFO] Booting worker with pid: 12918
[2020-06-12 23:30:05 +0900] [12915] [INFO] Handling signal: int
[2020-06-12 23:30:05 +0900] [12918] [INFO] Worker exiting (pid: 12918)
[2020-06-12 23:30:05 +0900] [12915] [INFO] Shutting down: Master
[2020-06-12 23:30:06 +0900] [12936] [INFO] Starting gunicorn 20.0.4
[2020-06-12 23:30:06 +0900] [12936] [INFO] Listening at: unix:/tmp/gunicorn-api.sock api:app (12936)
[2020-06-12 23:30:06 +0900] [12936] [INFO] Using worker: sync
[2020-06-12 23:30:06 +0900] [12939] [INFO] Booting worker with pid: 12939
[2020-06-12 23:30:16 +0900] [12936] [INFO] Handling signal: int
[2020-06-12 23:30:16 +0900] [12939] [INFO] Worker exiting (pid: 12939)
[2020-06-12 23:30:16 +0900] [12936] [INFO] Shutting down: Master
[2020-06-12 23:30:18 +0900] [12968] [INFO] Starting gunicorn 20.0.4
[2020-06-12 23:30:18 +0900] [12968] [INFO] Listening at: unix:/tmp/gunicorn-api.sock api:app (12968)
[2020-06-12 23:30:18 +0900] [12968] [INFO] Using worker: sync
[2020-06-12 23:30:18 +0900] [12971] [INFO] Booting worker with pid: 12971
[2020-06-12 23:30:21 +0900] [12968] [INFO] Handling signal: int
[2020-06-12 23:30:21 +0900] [12971] [INFO] Worker exiting (pid: 12971)
[2020-06-12 23:30:21 +0900] [12968] [INFO] Shutting down: Master
[2020-06-12 23:38:16 +0900] [13442] [INFO] Starting gunicorn 20.0.4
[2020-06-12 23:38:16 +0900] [13442] [INFO] Listening at: unix:/tmp/gunicorn-api.sock wsgi-api:app (13442)
[2020-06-12 23:38:16 +0900] [13442] [INFO] Using worker: sync
[2020-06-12 23:38:16 +0900] [13445] [INFO] Booting worker with pid: 13445
[2020-06-12 23:38:26 +0900] [13442] [INFO] Handling signal: int
[2020-06-12 23:38:26 +0900] [13445] [INFO] Worker exiting (pid: 13445)
[2020-06-12 23:38:27 +0900] [13442] [INFO] Shutting down: Master
[2020-06-12 23:39:22 +0900] [13506] [INFO] Starting gunicorn 20.0.4
[2020-06-12 23:39:22 +0900] [13506] [INFO] Listening at: unix:/tmp/gunicorn-api.sock wsgi-api:app (13506)
[2020-06-12 23:39:22 +0900] [13506] [INFO] Using worker: sync
[2020-06-12 23:39:22 +0900] [13509] [INFO] Booting worker with pid: 13509
[2020-06-12 23:39:44 +0900] [13506] [INFO] Handling signal: int
[2020-06-12 23:39:44 +0900] [13509] [INFO] Worker exiting (pid: 13509)
[2020-06-12 23:39:44 +0900] [13506] [INFO] Shutting down: Master
[2020-06-12 23:40:17 +0900] [13567] [INFO] Starting gunicorn 20.0.4
[2020-06-12 23:40:17 +0900] [13567] [INFO] Listening at: unix:/tmp/gunicorn-api.sock wsgi-api:app (13567)
[2020-06-12 23:40:17 +0900] [13567] [INFO] Using worker: sync
[2020-06-12 23:40:17 +0900] [13570] [INFO] Booting worker with pid: 13570
[2020-06-12 23:41:12 +0900] [13567] [INFO] Handling signal: term
[2020-06-12 23:41:12 +0900] [13570] [INFO] Worker exiting (pid: 13570)
[2020-06-12 23:41:12 +0900] [13567] [INFO] Shutting down: Master
